<?xml version="1.0" encoding="UTF-8"?>
<testng-results skipped="0" failed="0" ignored="0" total="1" passed="1">
  <reporter-output>
  </reporter-output>
  <suite name="Default suite" duration-ms="80390" started-at="2019-06-14T04:37:52Z" finished-at="2019-06-14T04:39:12Z">
    <groups>
    </groups>
    <test name="Default test" duration-ms="80390" started-at="2019-06-14T04:37:52Z" finished-at="2019-06-14T04:39:12Z">
      <class name="connectors.gitconnectors">
        <test-method status="PASS" signature="StopDeploymentTestRun()[pri:0, instance:connectors.gitconnectors@45820e51]" name="StopDeploymentTestRun" duration-ms="80372" started-at="2019-06-14T04:37:52Z" finished-at="2019-06-14T04:39:12Z">
          <reporter-output>
          </reporter-output>
        </test-method> <!-- StopDeploymentTestRun -->
      </class> <!-- connectors.gitconnectors -->
    </test> <!-- Default test -->
  </suite> <!-- Default suite -->
</testng-results>
